# JRE version: OpenJDK Runtime Environment (17.0.6) (build 17.0.6+0-b2043.56-10027231)
# Java VM: OpenJDK 64-Bit Server VM (17.0.6+0-b2043.56-10027231, mixed mode, tiered, compressed oops, compressed class ptrs, g1 gc, windows-amd64)
GC Precious Log:
 CPUs: 16 total, 16 available
 Memory: 16320M
 Large Page Support: Disabled
 NUMA Support: Disabled
 Compressed Oops: Enabled (32-bit)
 Heap Region Size: 1M
 Heap Min Capacity: 8M
 Heap Initial Capacity: 256M
 Heap Max Capacity: 2G
 Pre-touch: Disabled
 Parallel Workers: 13
 Concurrent Workers: 3
 Concurrent Refinement Workers: 13
 Periodic GC: Disabled
Heap:
 garbage-first heap   total 239616K, used 164788K [0x0000000080000000, 0x0000000100000000)
  region size 1024K, 58 young (59392K), 6 survivors (6144K)
 Metaspace       used 107533K, committed 108224K, reserved 1146880K
  class space    used 14659K, committed 14976K, reserved 1048576K
GC Heap History (20 events):
Event: 17.578 GC heap before
{Heap before GC invocations=32 (full 0):
 garbage-first heap   total 164864K, used 131818K [0x0000000080000000, 0x0000000100000000)
  region size 1024K, 55 young (56320K), 4 survivors (4096K)
 Metaspace       used 100595K, committed 101248K, reserved 1138688K
  class space    used 13650K, committed 13952K, reserved 1048576K
}
Event: 17.583 GC heap after
{Heap after GC invocations=33 (full 0):
 garbage-first heap   total 164864K, used 84928K [0x0000000080000000, 0x0000000100000000)
  region size 1024K, 6 young (6144K), 6 survivors (6144K)
 Metaspace       used 100595K, committed 101248K, reserved 1138688K
  class space    used 13650K, committed 13952K, reserved 1048576K
}
Event: 17.969 GC heap before
{Heap before GC invocations=33 (full 0):
 garbage-first heap   total 164864K, used 132032K [0x0000000080000000, 0x0000000100000000)
  region size 1024K, 52 young (53248K), 6 survivors (6144K)
 Metaspace       used 100736K, committed 101376K, reserved 1138688K
  class space    used 13662K, committed 13952K, reserved 1048576K
}
Event: 17.976 GC heap after
{Heap after GC invocations=34 (full 0):
 garbage-first heap   total 164864K, used 92139K [0x0000000080000000, 0x0000000100000000)
  region size 1024K, 7 young (7168K), 7 survivors (7168K)
 Metaspace       used 100736K, committed 101376K, reserved 1138688K
  class space    used 13662K, committed 13952K, reserved 1048576K
}
Event: 19.218 GC heap before
{Heap before GC invocations=35 (full 0):
 garbage-first heap   total 164864K, used 132075K [0x0000000080000000, 0x0000000100000000)
  region size 1024K, 47 young (48128K), 7 survivors (7168K)
 Metaspace       used 102849K, committed 103552K, reserved 1138688K
  class space    used 14095K, committed 14464K, reserved 1048576K
}
Event: 19.225 GC heap after
{Heap after GC invocations=36 (full 0):
 garbage-first heap   total 164864K, used 98539K [0x0000000080000000, 0x0000000100000000)
  region size 1024K, 6 young (6144K), 6 survivors (6144K)
 Metaspace       used 102849K, committed 103552K, reserved 1138688K
  class space    used 14095K, committed 14464K, reserved 1048576K
}
Event: 19.234 GC heap before
{Heap before GC invocations=36 (full 0):
 garbage-first heap   total 164864K, used 100587K [0x0000000080000000, 0x0000000100000000)
  region size 1024K, 8 young (8192K), 6 survivors (6144K)
 Metaspace       used 102867K, committed 103616K, reserved 1138688K
  class space    used 14095K, committed 14464K, reserved 1048576K
}
Event: 19.238 GC heap after
{Heap after GC invocations=37 (full 0):
 garbage-first heap   total 164864K, used 98892K [0x0000000080000000, 0x0000000100000000)
  region size 1024K, 1 young (1024K), 1 survivors (1024K)
 Metaspace       used 102867K, committed 103616K, reserved 1138688K
  class space    used 14095K, committed 14464K, reserved 1048576K
}
Event: 19.481 GC heap before
{Heap before GC invocations=37 (full 0):
 garbage-first heap   total 164864K, used 133708K [0x0000000080000000, 0x0000000100000000)
  region size 1024K, 36 young (36864K), 1 survivors (1024K)
 Metaspace       used 103146K, committed 103872K, reserved 1138688K
  class space    used 14108K, committed 14464K, reserved 1048576K
}
Event: 19.486 GC heap after
{Heap after GC invocations=38 (full 0):
 garbage-first heap   total 164864K, used 101541K [0x0000000080000000, 0x0000000100000000)
  region size 1024K, 4 young (4096K), 4 survivors (4096K)
 Metaspace       used 103146K, committed 103872K, reserved 1138688K
  class space    used 14108K, committed 14464K, reserved 1048576K
}
Event: 19.886 GC heap before
{Heap before GC invocations=38 (full 0):
 garbage-first heap   total 164864K, used 135333K [0x0000000080000000, 0x0000000100000000)
  region size 1024K, 37 young (37888K), 4 survivors (4096K)
 Metaspace       used 103589K, committed 104256K, reserved 1138688K
  class space    used 14142K, committed 14464K, reserved 1048576K
}
Event: 19.891 GC heap after
{Heap after GC invocations=39 (full 0):
 garbage-first heap   total 164864K, used 104550K [0x0000000080000000, 0x0000000100000000)
  region size 1024K, 4 young (4096K), 4 survivors (4096K)
 Metaspace       used 103589K, committed 104256K, reserved 1138688K
  class space    used 14142K, committed 14464K, reserved 1048576K
}
Event: 20.129 GC heap before
{Heap before GC invocations=39 (full 0):
 garbage-first heap   total 164864K, used 135270K [0x0000000080000000, 0x0000000100000000)
  region size 1024K, 35 young (35840K), 4 survivors (4096K)
 Metaspace       used 103752K, committed 104448K, reserved 1138688K
  class space    used 14156K, committed 14464K, reserved 1048576K
}
Event: 20.134 GC heap after
{Heap after GC invocations=40 (full 0):
 garbage-first heap   total 164864K, used 107818K [0x0000000080000000, 0x0000000100000000)
  region size 1024K, 4 young (4096K), 4 survivors (4096K)
 Metaspace       used 103752K, committed 104448K, reserved 1138688K
  class space    used 14156K, committed 14464K, reserved 1048576K
}
Event: 20.530 GC heap before
{Heap before GC invocations=41 (full 0):
 garbage-first heap   total 199680K, used 133418K [0x0000000080000000, 0x0000000100000000)
  region size 1024K, 30 young (30720K), 4 survivors (4096K)
 Metaspace       used 103893K, committed 104576K, reserved 1138688K
  class space    used 14172K, committed 14528K, reserved 1048576K
}
Event: 20.534 GC heap after
{Heap after GC invocations=42 (full 0):
 garbage-first heap   total 199680K, used 110080K [0x0000000080000000, 0x0000000100000000)
  region size 1024K, 4 young (4096K), 4 survivors (4096K)
 Metaspace       used 103893K, committed 104576K, reserved 1138688K
  class space    used 14172K, committed 14528K, reserved 1048576K
}
Event: 20.584 GC heap before
{Heap before GC invocations=42 (full 0):
 garbage-first heap   total 199680K, used 115200K [0x0000000080000000, 0x0000000100000000)
  region size 1024K, 9 young (9216K), 4 survivors (4096K)
 Metaspace       used 103894K, committed 104576K, reserved 1138688K
  class space    used 14172K, committed 14528K, reserved 1048576K
}
Event: 20.589 GC heap after
{Heap after GC invocations=43 (full 0):
 garbage-first heap   total 199680K, used 108758K [0x0000000080000000, 0x0000000100000000)
  region size 1024K, 1 young (1024K), 1 survivors (1024K)
 Metaspace       used 103894K, committed 104576K, reserved 1138688K
  class space    used 14172K, committed 14528K, reserved 1048576K
}
Event: 22.175 GC heap before
{Heap before GC invocations=43 (full 0):
 garbage-first heap   total 199680K, used 159958K [0x0000000080000000, 0x0000000100000000)
  region size 1024K, 52 young (53248K), 1 survivors (1024K)
 Metaspace       used 107133K, committed 107840K, reserved 1146880K
  class space    used 14586K, committed 14912K, reserved 1048576K
}
Event: 22.179 GC heap after
{Heap after GC invocations=44 (full 0):
 garbage-first heap   total 239616K, used 113588K [0x0000000080000000, 0x0000000100000000)
  region size 1024K, 6 young (6144K), 6 survivors (6144K)
 Metaspace       used 107133K, committed 107840K, reserved 1146880K
  class space    used 14586K, committed 14912K, reserved 1048576K
}

