# JRE version: OpenJDK Runtime Environment (17.0.6) (build 17.0.6+0-b2043.56-10027231)
# Java VM: OpenJDK 64-Bit Server VM (17.0.6+0-b2043.56-10027231, mixed mode, tiered, compressed oops, compressed class ptrs, g1 gc, windows-amd64)
GC Precious Log:
 CPUs: 16 total, 16 available
 Memory: 16320M
 Large Page Support: Disabled
 NUMA Support: Disabled
 Compressed Oops: Enabled (32-bit)
 Heap Region Size: 1M
 Heap Min Capacity: 8M
 Heap Initial Capacity: 256M
 Heap Max Capacity: 2G
 Pre-touch: Disabled
 Parallel Workers: 13
 Concurrent Workers: 3
 Concurrent Refinement Workers: 13
 Periodic GC: Disabled
Heap:
 garbage-first heap   total 135168K, used 85314K [0x0000000080000000, 0x0000000100000000)
  region size 1024K, 10 young (10240K), 4 survivors (4096K)
 Metaspace       used 93634K, committed 94272K, reserved 1138688K
  class space    used 12729K, committed 13056K, reserved 1048576K
GC Heap History (20 events):
Event: 5.696 GC heap before
{Heap before GC invocations=19 (full 0):
 garbage-first heap   total 112640K, used 65403K [0x0000000080000000, 0x0000000100000000)
  region size 1024K, 6 young (6144K), 5 survivors (5120K)
 Metaspace       used 64427K, committed 65024K, reserved 1105920K
  class space    used 8526K, committed 8832K, reserved 1048576K
}
Event: 5.698 GC heap after
{Heap after GC invocations=20 (full 0):
 garbage-first heap   total 112640K, used 60641K [0x0000000080000000, 0x0000000100000000)
  region size 1024K, 1 young (1024K), 1 survivors (1024K)
 Metaspace       used 64427K, committed 65024K, reserved 1105920K
  class space    used 8526K, committed 8832K, reserved 1048576K
}
Event: 5.983 GC heap before
{Heap before GC invocations=20 (full 0):
 garbage-first heap   total 112640K, used 88289K [0x0000000080000000, 0x0000000100000000)
  region size 1024K, 28 young (28672K), 1 survivors (1024K)
 Metaspace       used 67155K, committed 67776K, reserved 1114112K
  class space    used 8876K, committed 9152K, reserved 1048576K
}
Event: 5.985 GC heap after
{Heap after GC invocations=21 (full 0):
 garbage-first heap   total 112640K, used 61839K [0x0000000080000000, 0x0000000100000000)
  region size 1024K, 3 young (3072K), 3 survivors (3072K)
 Metaspace       used 67155K, committed 67776K, reserved 1114112K
  class space    used 8876K, committed 9152K, reserved 1048576K
}
Event: 6.309 GC heap before
{Heap before GC invocations=22 (full 0):
 garbage-first heap   total 112640K, used 88463K [0x0000000080000000, 0x0000000100000000)
  region size 1024K, 30 young (30720K), 3 survivors (3072K)
 Metaspace       used 70127K, committed 70656K, reserved 1114112K
  class space    used 9286K, committed 9536K, reserved 1048576K
}
Event: 6.311 GC heap after
{Heap after GC invocations=23 (full 0):
 garbage-first heap   total 112640K, used 62886K [0x0000000080000000, 0x0000000100000000)
  region size 1024K, 4 young (4096K), 4 survivors (4096K)
 Metaspace       used 70127K, committed 70656K, reserved 1114112K
  class space    used 9286K, committed 9536K, reserved 1048576K
}
Event: 6.323 GC heap before
{Heap before GC invocations=23 (full 0):
 garbage-first heap   total 112640K, used 63910K [0x0000000080000000, 0x0000000100000000)
  region size 1024K, 5 young (5120K), 4 survivors (4096K)
 Metaspace       used 70245K, committed 70848K, reserved 1114112K
  class space    used 9309K, committed 9600K, reserved 1048576K
}
Event: 6.325 GC heap after
{Heap after GC invocations=24 (full 0):
 garbage-first heap   total 112640K, used 63023K [0x0000000080000000, 0x0000000100000000)
  region size 1024K, 1 young (1024K), 1 survivors (1024K)
 Metaspace       used 70245K, committed 70848K, reserved 1114112K
  class space    used 9309K, committed 9600K, reserved 1048576K
}
Event: 6.606 GC heap before
{Heap before GC invocations=24 (full 0):
 garbage-first heap   total 112640K, used 91695K [0x0000000080000000, 0x0000000100000000)
  region size 1024K, 29 young (29696K), 1 survivors (1024K)
 Metaspace       used 74046K, committed 74624K, reserved 1114112K
  class space    used 9823K, committed 10112K, reserved 1048576K
}
Event: 6.608 GC heap after
{Heap after GC invocations=25 (full 0):
 garbage-first heap   total 135168K, used 64360K [0x0000000080000000, 0x0000000100000000)
  region size 1024K, 2 young (2048K), 2 survivors (2048K)
 Metaspace       used 74046K, committed 74624K, reserved 1114112K
  class space    used 9823K, committed 10112K, reserved 1048576K
}
Event: 7.013 GC heap before
{Heap before GC invocations=25 (full 0):
 garbage-first heap   total 135168K, used 108392K [0x0000000080000000, 0x0000000100000000)
  region size 1024K, 46 young (47104K), 2 survivors (2048K)
 Metaspace       used 76482K, committed 77056K, reserved 1122304K
  class space    used 10138K, committed 10432K, reserved 1048576K
}
Event: 7.017 GC heap after
{Heap after GC invocations=26 (full 0):
 garbage-first heap   total 135168K, used 69181K [0x0000000080000000, 0x0000000100000000)
  region size 1024K, 6 young (6144K), 6 survivors (6144K)
 Metaspace       used 76482K, committed 77056K, reserved 1122304K
  class space    used 10138K, committed 10432K, reserved 1048576K
}
Event: 7.525 GC heap before
{Heap before GC invocations=26 (full 0):
 garbage-first heap   total 135168K, used 110141K [0x0000000080000000, 0x0000000100000000)
  region size 1024K, 45 young (46080K), 6 survivors (6144K)
 Metaspace       used 81193K, committed 81792K, reserved 1122304K
  class space    used 10965K, committed 11264K, reserved 1048576K
}
Event: 7.530 GC heap after
{Heap after GC invocations=27 (full 0):
 garbage-first heap   total 135168K, used 71808K [0x0000000080000000, 0x0000000100000000)
  region size 1024K, 3 young (3072K), 3 survivors (3072K)
 Metaspace       used 81193K, committed 81792K, reserved 1122304K
  class space    used 10965K, committed 11264K, reserved 1048576K
}
Event: 8.040 GC heap before
{Heap before GC invocations=27 (full 0):
 garbage-first heap   total 135168K, used 109696K [0x0000000080000000, 0x0000000100000000)
  region size 1024K, 40 young (40960K), 3 survivors (3072K)
 Metaspace       used 85116K, committed 85760K, reserved 1130496K
  class space    used 11555K, committed 11840K, reserved 1048576K
}
Event: 8.043 GC heap after
{Heap after GC invocations=28 (full 0):
 garbage-first heap   total 135168K, used 74003K [0x0000000080000000, 0x0000000100000000)
  region size 1024K, 5 young (5120K), 5 survivors (5120K)
 Metaspace       used 85116K, committed 85760K, reserved 1130496K
  class space    used 11555K, committed 11840K, reserved 1048576K
}
Event: 8.462 GC heap before
{Heap before GC invocations=28 (full 0):
 garbage-first heap   total 135168K, used 110867K [0x0000000080000000, 0x0000000100000000)
  region size 1024K, 41 young (41984K), 5 survivors (5120K)
 Metaspace       used 88851K, committed 89472K, reserved 1130496K
  class space    used 12079K, committed 12352K, reserved 1048576K
}
Event: 8.465 GC heap after
{Heap after GC invocations=29 (full 0):
 garbage-first heap   total 135168K, used 76899K [0x0000000080000000, 0x0000000100000000)
  region size 1024K, 6 young (6144K), 6 survivors (6144K)
 Metaspace       used 88851K, committed 89472K, reserved 1130496K
  class space    used 12079K, committed 12352K, reserved 1048576K
}
Event: 8.890 GC heap before
{Heap before GC invocations=29 (full 0):
 garbage-first heap   total 135168K, used 110691K [0x0000000080000000, 0x0000000100000000)
  region size 1024K, 39 young (39936K), 6 survivors (6144K)
 Metaspace       used 93357K, committed 94016K, reserved 1138688K
  class space    used 12695K, committed 12992K, reserved 1048576K
}
Event: 8.895 GC heap after
{Heap after GC invocations=30 (full 0):
 garbage-first heap   total 135168K, used 80194K [0x0000000080000000, 0x0000000100000000)
  region size 1024K, 4 young (4096K), 4 survivors (4096K)
 Metaspace       used 93357K, committed 94016K, reserved 1138688K
  class space    used 12695K, committed 12992K, reserved 1048576K
}

