# JRE version: OpenJDK Runtime Environment (17.0.6) (build 17.0.6+0-b2043.56-10027231)
# Java VM: OpenJDK 64-Bit Server VM (17.0.6+0-b2043.56-10027231, mixed mode, tiered, compressed oops, compressed class ptrs, g1 gc, windows-amd64)
GC Precious Log:
 CPUs: 16 total, 16 available
 Memory: 16320M
 Large Page Support: Disabled
 NUMA Support: Disabled
 Compressed Oops: Enabled (Zero based)
 Heap Region Size: 2M
 Heap Min Capacity: 8M
 Heap Initial Capacity: 256M
 Heap Max Capacity: 4082M
 Pre-touch: Disabled
 Parallel Workers: 13
 Concurrent Workers: 3
 Concurrent Refinement Workers: 13
 Periodic GC: Disabled
Heap:
 garbage-first heap   total 151552K, used 54437K [0x0000000700e00000, 0x0000000800000000)
  region size 2048K, 9 young (18432K), 2 survivors (4096K)
 Metaspace       used 61597K, committed 61888K, reserved 1105920K
  class space    used 7468K, committed 7616K, reserved 1048576K
GC Heap History (20 events):
Event: 0.968 GC heap before
{Heap before GC invocations=1 (full 0):
 garbage-first heap   total 262144K, used 41445K [0x0000000700e00000, 0x0000000800000000)
  region size 2048K, 20 young (40960K), 2 survivors (4096K)
 Metaspace       used 21354K, committed 21504K, reserved 1073152K
  class space    used 2356K, committed 2432K, reserved 1048576K
}
Event: 0.972 GC heap after
{Heap after GC invocations=2 (full 0):
 garbage-first heap   total 262144K, used 8333K [0x0000000700e00000, 0x0000000800000000)
  region size 2048K, 3 young (6144K), 3 survivors (6144K)
 Metaspace       used 21354K, committed 21504K, reserved 1073152K
  class space    used 2356K, committed 2432K, reserved 1048576K
}
Event: 1.246 GC heap before
{Heap before GC invocations=3 (full 0):
 garbage-first heap   total 40960K, used 28813K [0x0000000700e00000, 0x0000000800000000)
  region size 2048K, 14 young (28672K), 3 survivors (6144K)
 Metaspace       used 27438K, committed 27712K, reserved 1081344K
  class space    used 3118K, committed 3264K, reserved 1048576K
}
Event: 1.251 GC heap after
{Heap after GC invocations=4 (full 0):
 garbage-first heap   total 40960K, used 9283K [0x0000000700e00000, 0x0000000800000000)
  region size 2048K, 3 young (6144K), 3 survivors (6144K)
 Metaspace       used 27438K, committed 27712K, reserved 1081344K
  class space    used 3118K, committed 3264K, reserved 1048576K
}
Event: 1.454 GC heap before
{Heap before GC invocations=4 (full 0):
 garbage-first heap   total 40960K, used 27715K [0x0000000700e00000, 0x0000000800000000)
  region size 2048K, 12 young (24576K), 3 survivors (6144K)
 Metaspace       used 30314K, committed 30528K, reserved 1081344K
  class space    used 3757K, committed 3840K, reserved 1048576K
}
Event: 1.461 GC heap after
{Heap after GC invocations=5 (full 0):
 garbage-first heap   total 40960K, used 15185K [0x0000000700e00000, 0x0000000800000000)
  region size 2048K, 2 young (4096K), 2 survivors (4096K)
 Metaspace       used 30314K, committed 30528K, reserved 1081344K
  class space    used 3757K, committed 3840K, reserved 1048576K
}
Event: 1.699 GC heap before
{Heap before GC invocations=5 (full 0):
 garbage-first heap   total 40960K, used 27473K [0x0000000700e00000, 0x0000000800000000)
  region size 2048K, 9 young (18432K), 2 survivors (4096K)
 Metaspace       used 34561K, committed 34752K, reserved 1081344K
  class space    used 4439K, committed 4544K, reserved 1048576K
}
Event: 1.705 GC heap after
{Heap after GC invocations=6 (full 0):
 garbage-first heap   total 40960K, used 16716K [0x0000000700e00000, 0x0000000800000000)
  region size 2048K, 1 young (2048K), 1 survivors (2048K)
 Metaspace       used 34561K, committed 34752K, reserved 1081344K
  class space    used 4439K, committed 4544K, reserved 1048576K
}
Event: 1.784 GC heap before
{Heap before GC invocations=6 (full 0):
 garbage-first heap   total 40960K, used 22860K [0x0000000700e00000, 0x0000000800000000)
  region size 2048K, 5 young (10240K), 1 survivors (2048K)
 Metaspace       used 35723K, committed 35968K, reserved 1081344K
  class space    used 4560K, committed 4672K, reserved 1048576K
}
Event: 1.788 GC heap after
{Heap after GC invocations=7 (full 0):
 garbage-first heap   total 40960K, used 16157K [0x0000000700e00000, 0x0000000800000000)
  region size 2048K, 1 young (2048K), 1 survivors (2048K)
 Metaspace       used 35723K, committed 35968K, reserved 1081344K
  class space    used 4560K, committed 4672K, reserved 1048576K
}
Event: 1.924 GC heap before
{Heap before GC invocations=8 (full 0):
 garbage-first heap   total 40960K, used 26397K [0x0000000700e00000, 0x0000000800000000)
  region size 2048K, 7 young (14336K), 1 survivors (2048K)
 Metaspace       used 38063K, committed 38272K, reserved 1089536K
  class space    used 4837K, committed 4928K, reserved 1048576K
}
Event: 1.928 GC heap after
{Heap after GC invocations=9 (full 0):
 garbage-first heap   total 40960K, used 17767K [0x0000000700e00000, 0x0000000800000000)
  region size 2048K, 1 young (2048K), 1 survivors (2048K)
 Metaspace       used 38063K, committed 38272K, reserved 1089536K
  class space    used 4837K, committed 4928K, reserved 1048576K
}
Event: 1.949 GC heap before
{Heap before GC invocations=9 (full 0):
 garbage-first heap   total 40960K, used 19815K [0x0000000700e00000, 0x0000000800000000)
  region size 2048K, 2 young (4096K), 1 survivors (2048K)
 Metaspace       used 38443K, committed 38656K, reserved 1089536K
  class space    used 4868K, committed 4928K, reserved 1048576K
}
Event: 1.955 GC heap after
{Heap after GC invocations=10 (full 0):
 garbage-first heap   total 151552K, used 18065K [0x0000000700e00000, 0x0000000800000000)
  region size 2048K, 1 young (2048K), 1 survivors (2048K)
 Metaspace       used 38443K, committed 38656K, reserved 1089536K
  class space    used 4868K, committed 4928K, reserved 1048576K
}
Event: 2.814 GC heap before
{Heap before GC invocations=10 (full 0):
 garbage-first heap   total 151552K, used 97937K [0x0000000700e00000, 0x0000000800000000)
  region size 2048K, 39 young (79872K), 1 survivors (2048K)
 Metaspace       used 48812K, committed 49088K, reserved 1097728K
  class space    used 5920K, committed 6080K, reserved 1048576K
}
Event: 2.824 GC heap after
{Heap after GC invocations=11 (full 0):
 garbage-first heap   total 151552K, used 27615K [0x0000000700e00000, 0x0000000800000000)
  region size 2048K, 4 young (8192K), 4 survivors (8192K)
 Metaspace       used 48812K, committed 49088K, reserved 1097728K
  class space    used 5920K, committed 6080K, reserved 1048576K
}
Event: 3.977 GC heap before
{Heap before GC invocations=11 (full 0):
 garbage-first heap   total 151552K, used 101343K [0x0000000700e00000, 0x0000000800000000)
  region size 2048K, 40 young (81920K), 4 survivors (8192K)
 Metaspace       used 57845K, committed 58112K, reserved 1105920K
  class space    used 6919K, committed 7040K, reserved 1048576K
}
Event: 3.995 GC heap after
{Heap after GC invocations=12 (full 0):
 garbage-first heap   total 151552K, used 38494K [0x0000000700e00000, 0x0000000800000000)
  region size 2048K, 5 young (10240K), 5 survivors (10240K)
 Metaspace       used 57845K, committed 58112K, reserved 1105920K
  class space    used 6919K, committed 7040K, reserved 1048576K
}
Event: 4.335 GC heap before
{Heap before GC invocations=12 (full 0):
 garbage-first heap   total 151552K, used 58974K [0x0000000700e00000, 0x0000000800000000)
  region size 2048K, 16 young (32768K), 5 survivors (10240K)
 Metaspace       used 59886K, committed 60160K, reserved 1105920K
  class space    used 7229K, committed 7360K, reserved 1048576K
}
Event: 4.350 GC heap after
{Heap after GC invocations=13 (full 0):
 garbage-first heap   total 151552K, used 42149K [0x0000000700e00000, 0x0000000800000000)
  region size 2048K, 2 young (4096K), 2 survivors (4096K)
 Metaspace       used 59886K, committed 60160K, reserved 1105920K
  class space    used 7229K, committed 7360K, reserved 1048576K
}

