# JRE version: OpenJDK Runtime Environment (17.0.6) (build 17.0.6+0-b2043.56-10027231)
# Java VM: OpenJDK 64-Bit Server VM (17.0.6+0-b2043.56-10027231, mixed mode, tiered, compressed oops, compressed class ptrs, g1 gc, windows-amd64)
GC Precious Log:
 CPUs: 16 total, 16 available
 Memory: 16320M
 Large Page Support: Disabled
 NUMA Support: Disabled
 Compressed Oops: Enabled (Zero based)
 Heap Region Size: 2M
 Heap Min Capacity: 8M
 Heap Initial Capacity: 256M
 Heap Max Capacity: 4082M
 Pre-touch: Disabled
 Parallel Workers: 13
 Concurrent Workers: 3
 Concurrent Refinement Workers: 13
 Periodic GC: Disabled
Heap:
 garbage-first heap   total 151552K, used 65221K [0x0000000700e00000, 0x0000000800000000)
  region size 2048K, 2 young (4096K), 2 survivors (4096K)
 Metaspace       used 88963K, committed 89280K, reserved 1130496K
  class space    used 9882K, committed 10048K, reserved 1048576K
GC Heap History (20 events):
Event: 1.784 GC heap after
{Heap after GC invocations=7 (full 0):
 garbage-first heap   total 40960K, used 16384K [0x0000000700e00000, 0x0000000800000000)
  region size 2048K, 1 young (2048K), 1 survivors (2048K)
 Metaspace       used 35919K, committed 36096K, reserved 1081344K
  class space    used 4595K, committed 4672K, reserved 1048576K
}
Event: 1.909 GC heap before
{Heap before GC invocations=8 (full 0):
 garbage-first heap   total 40960K, used 26624K [0x0000000700e00000, 0x0000000800000000)
  region size 2048K, 7 young (14336K), 1 survivors (2048K)
 Metaspace       used 38118K, committed 38336K, reserved 1089536K
  class space    used 4834K, committed 4928K, reserved 1048576K
}
Event: 1.913 GC heap after
{Heap after GC invocations=9 (full 0):
 garbage-first heap   total 40960K, used 18163K [0x0000000700e00000, 0x0000000800000000)
  region size 2048K, 1 young (2048K), 1 survivors (2048K)
 Metaspace       used 38118K, committed 38336K, reserved 1089536K
  class space    used 4834K, committed 4928K, reserved 1048576K
}
Event: 1.932 GC heap before
{Heap before GC invocations=9 (full 0):
 garbage-first heap   total 40960K, used 18163K [0x0000000700e00000, 0x0000000800000000)
  region size 2048K, 2 young (4096K), 1 survivors (2048K)
 Metaspace       used 38607K, committed 38784K, reserved 1089536K
  class space    used 4883K, committed 4992K, reserved 1048576K
}
Event: 1.937 GC heap after
{Heap after GC invocations=10 (full 0):
 garbage-first heap   total 151552K, used 18074K [0x0000000700e00000, 0x0000000800000000)
  region size 2048K, 1 young (2048K), 1 survivors (2048K)
 Metaspace       used 38607K, committed 38784K, reserved 1089536K
  class space    used 4883K, committed 4992K, reserved 1048576K
}
Event: 2.975 GC heap before
{Heap before GC invocations=10 (full 0):
 garbage-first heap   total 151552K, used 104090K [0x0000000700e00000, 0x0000000800000000)
  region size 2048K, 42 young (86016K), 1 survivors (2048K)
 Metaspace       used 52848K, committed 53056K, reserved 1097728K
  class space    used 6454K, committed 6528K, reserved 1048576K
}
Event: 2.984 GC heap after
{Heap after GC invocations=11 (full 0):
 garbage-first heap   total 151552K, used 26883K [0x0000000700e00000, 0x0000000800000000)
  region size 2048K, 4 young (8192K), 4 survivors (8192K)
 Metaspace       used 52848K, committed 53056K, reserved 1097728K
  class space    used 6454K, committed 6528K, reserved 1048576K
}
Event: 3.936 GC heap before
{Heap before GC invocations=11 (full 0):
 garbage-first heap   total 151552K, used 100611K [0x0000000700e00000, 0x0000000800000000)
  region size 2048K, 40 young (81920K), 4 survivors (8192K)
 Metaspace       used 58038K, committed 58304K, reserved 1105920K
  class space    used 6943K, committed 7040K, reserved 1048576K
}
Event: 3.955 GC heap after
{Heap after GC invocations=12 (full 0):
 garbage-first heap   total 151552K, used 38601K [0x0000000700e00000, 0x0000000800000000)
  region size 2048K, 5 young (10240K), 5 survivors (10240K)
 Metaspace       used 58038K, committed 58304K, reserved 1105920K
  class space    used 6943K, committed 7040K, reserved 1048576K
}
Event: 4.268 GC heap before
{Heap before GC invocations=12 (full 0):
 garbage-first heap   total 151552K, used 61129K [0x0000000700e00000, 0x0000000800000000)
  region size 2048K, 17 young (34816K), 5 survivors (10240K)
 Metaspace       used 60332K, committed 60608K, reserved 1105920K
  class space    used 7298K, committed 7424K, reserved 1048576K
}
Event: 4.281 GC heap after
{Heap after GC invocations=13 (full 0):
 garbage-first heap   total 151552K, used 41948K [0x0000000700e00000, 0x0000000800000000)
  region size 2048K, 2 young (4096K), 2 survivors (4096K)
 Metaspace       used 60332K, committed 60608K, reserved 1105920K
  class space    used 7298K, committed 7424K, reserved 1048576K
}
Event: 5.874 GC heap before
{Heap before GC invocations=14 (full 0):
 garbage-first heap   total 151552K, used 105436K [0x0000000700e00000, 0x0000000800000000)
  region size 2048K, 33 young (67584K), 2 survivors (4096K)
 Metaspace       used 66091K, committed 66432K, reserved 1114112K
  class space    used 7776K, committed 7936K, reserved 1048576K
}
Event: 5.887 GC heap after
{Heap after GC invocations=15 (full 0):
 garbage-first heap   total 151552K, used 51807K [0x0000000700e00000, 0x0000000800000000)
  region size 2048K, 5 young (10240K), 5 survivors (10240K)
 Metaspace       used 66091K, committed 66432K, reserved 1114112K
  class space    used 7776K, committed 7936K, reserved 1048576K
}
Event: 5.933 GC heap before
{Heap before GC invocations=15 (full 0):
 garbage-first heap   total 151552K, used 53855K [0x0000000700e00000, 0x0000000800000000)
  region size 2048K, 6 young (12288K), 5 survivors (10240K)
 Metaspace       used 66378K, committed 66624K, reserved 1114112K
  class space    used 7804K, committed 7936K, reserved 1048576K
}
Event: 5.946 GC heap after
{Heap after GC invocations=16 (full 0):
 garbage-first heap   total 151552K, used 52610K [0x0000000700e00000, 0x0000000800000000)
  region size 2048K, 1 young (2048K), 1 survivors (2048K)
 Metaspace       used 66378K, committed 66624K, reserved 1114112K
  class space    used 7804K, committed 7936K, reserved 1048576K
}
Event: 6.942 GC heap before
{Heap before GC invocations=16 (full 0):
 garbage-first heap   total 151552K, used 109954K [0x0000000700e00000, 0x0000000800000000)
  region size 2048K, 29 young (59392K), 1 survivors (2048K)
 Metaspace       used 76333K, committed 76608K, reserved 1122304K
  class space    used 8780K, committed 8896K, reserved 1048576K
}
Event: 6.951 GC heap after
{Heap after GC invocations=17 (full 0):
 garbage-first heap   total 151552K, used 56374K [0x0000000700e00000, 0x0000000800000000)
  region size 2048K, 3 young (6144K), 3 survivors (6144K)
 Metaspace       used 76333K, committed 76608K, reserved 1122304K
  class space    used 8780K, committed 8896K, reserved 1048576K
}
Event: 7.686 GC heap before
{Heap before GC invocations=17 (full 0):
 garbage-first heap   total 151552K, used 113718K [0x0000000700e00000, 0x0000000800000000)
  region size 2048K, 31 young (63488K), 3 survivors (6144K)
 Metaspace       used 83097K, committed 83392K, reserved 1130496K
  class space    used 9445K, committed 9600K, reserved 1048576K
}
Event: 7.700 GC heap after
{Heap after GC invocations=18 (full 0):
 garbage-first heap   total 151552K, used 61987K [0x0000000700e00000, 0x0000000800000000)
  region size 2048K, 3 young (6144K), 3 survivors (6144K)
 Metaspace       used 83097K, committed 83392K, reserved 1130496K
  class space    used 9445K, committed 9600K, reserved 1048576K
}
Event: 8.737 GC heap before
{Heap before GC invocations=18 (full 0):
 garbage-first heap   total 151552K, used 111139K [0x0000000700e00000, 0x0000000800000000)
  region size 2048K, 28 young (57344K), 3 survivors (6144K)
 Metaspace       used 88963K, committed 89280K, reserved 1130496K
  class space    used 9882K, committed 10048K, reserved 1048576K
}

