# JRE version: OpenJDK Runtime Environment (17.0.6) (build 17.0.6+0-b2043.56-10027231)
# Java VM: OpenJDK 64-Bit Server VM (17.0.6+0-b2043.56-10027231, mixed mode, tiered, compressed oops, compressed class ptrs, g1 gc, windows-amd64)
GC Precious Log:
 CPUs: 16 total, 16 available
 Memory: 16320M
 Large Page Support: Disabled
 NUMA Support: Disabled
 Compressed Oops: Enabled (32-bit)
 Heap Region Size: 1M
 Heap Min Capacity: 8M
 Heap Initial Capacity: 256M
 Heap Max Capacity: 2G
 Pre-touch: Disabled
 Parallel Workers: 13
 Concurrent Workers: 3
 Concurrent Refinement Workers: 13
 Periodic GC: Disabled
Heap:
 garbage-first heap   total 228352K, used 141300K [0x0000000080000000, 0x0000000100000000)
  region size 1024K, 8 young (8192K), 7 survivors (7168K)
 Metaspace       used 118262K, committed 119168K, reserved 1155072K
  class space    used 15717K, committed 16128K, reserved 1048576K
GC Heap History (20 events):
Event: 9.861 GC heap before
{Heap before GC invocations=43 (full 0):
 garbage-first heap   total 228352K, used 174897K [0x0000000080000000, 0x0000000100000000)
  region size 1024K, 93 young (95232K), 2 survivors (2048K)
 Metaspace       used 97278K, committed 97984K, reserved 1138688K
  class space    used 13404K, committed 13760K, reserved 1048576K
}
Event: 9.870 GC heap after
{Heap after GC invocations=44 (full 0):
 garbage-first heap   total 228352K, used 94702K [0x0000000080000000, 0x0000000100000000)
  region size 1024K, 12 young (12288K), 12 survivors (12288K)
 Metaspace       used 97278K, committed 97984K, reserved 1138688K
  class space    used 13404K, committed 13760K, reserved 1048576K
}
Event: 10.627 GC heap before
{Heap before GC invocations=44 (full 0):
 garbage-first heap   total 228352K, used 176622K [0x0000000080000000, 0x0000000100000000)
  region size 1024K, 93 young (95232K), 12 survivors (12288K)
 Metaspace       used 98005K, committed 98688K, reserved 1138688K
  class space    used 13452K, committed 13760K, reserved 1048576K
}
Event: 10.644 GC heap after
{Heap after GC invocations=45 (full 0):
 garbage-first heap   total 228352K, used 102043K [0x0000000080000000, 0x0000000100000000)
  region size 1024K, 8 young (8192K), 8 survivors (8192K)
 Metaspace       used 98005K, committed 98688K, reserved 1138688K
  class space    used 13452K, committed 13760K, reserved 1048576K
}
Event: 11.290 GC heap before
{Heap before GC invocations=45 (full 0):
 garbage-first heap   total 228352K, used 180891K [0x0000000080000000, 0x0000000100000000)
  region size 1024K, 86 young (88064K), 8 survivors (8192K)
 Metaspace       used 99387K, committed 100096K, reserved 1138688K
  class space    used 13648K, committed 13952K, reserved 1048576K
}
Event: 11.296 GC heap after
{Heap after GC invocations=46 (full 0):
 garbage-first heap   total 228352K, used 107138K [0x0000000080000000, 0x0000000100000000)
  region size 1024K, 8 young (8192K), 8 survivors (8192K)
 Metaspace       used 99387K, committed 100096K, reserved 1138688K
  class space    used 13648K, committed 13952K, reserved 1048576K
}
Event: 11.754 GC heap before
{Heap before GC invocations=46 (full 0):
 garbage-first heap   total 228352K, used 181890K [0x0000000080000000, 0x0000000100000000)
  region size 1024K, 82 young (83968K), 8 survivors (8192K)
 Metaspace       used 101929K, committed 102720K, reserved 1138688K
  class space    used 13965K, committed 14336K, reserved 1048576K
}
Event: 11.761 GC heap after
{Heap after GC invocations=47 (full 0):
 garbage-first heap   total 228352K, used 112911K [0x0000000080000000, 0x0000000100000000)
  region size 1024K, 8 young (8192K), 8 survivors (8192K)
 Metaspace       used 101929K, committed 102720K, reserved 1138688K
  class space    used 13965K, committed 14336K, reserved 1048576K
}
Event: 22.319 GC heap before
{Heap before GC invocations=47 (full 0):
 garbage-first heap   total 228352K, used 188687K [0x0000000080000000, 0x0000000100000000)
  region size 1024K, 78 young (79872K), 8 survivors (8192K)
 Metaspace       used 109410K, committed 110208K, reserved 1146880K
  class space    used 14873K, committed 15232K, reserved 1048576K
}
Event: 22.323 GC heap after
{Heap after GC invocations=48 (full 0):
 garbage-first heap   total 228352K, used 116275K [0x0000000080000000, 0x0000000100000000)
  region size 1024K, 5 young (5120K), 5 survivors (5120K)
 Metaspace       used 109410K, committed 110208K, reserved 1146880K
  class space    used 14873K, committed 15232K, reserved 1048576K
}
Event: 23.866 GC heap before
{Heap before GC invocations=48 (full 0):
 garbage-first heap   total 228352K, used 191027K [0x0000000080000000, 0x0000000100000000)
  region size 1024K, 73 young (74752K), 5 survivors (5120K)
 Metaspace       used 115509K, committed 116352K, reserved 1155072K
  class space    used 15435K, committed 15872K, reserved 1048576K
}
Event: 23.870 GC heap after
{Heap after GC invocations=49 (full 0):
 garbage-first heap   total 228352K, used 121393K [0x0000000080000000, 0x0000000100000000)
  region size 1024K, 7 young (7168K), 7 survivors (7168K)
 Metaspace       used 115509K, committed 116352K, reserved 1155072K
  class space    used 15435K, committed 15872K, reserved 1048576K
}
Event: 137.469 GC heap before
{Heap before GC invocations=49 (full 0):
 garbage-first heap   total 228352K, used 187953K [0x0000000080000000, 0x0000000100000000)
  region size 1024K, 73 young (74752K), 7 survivors (7168K)
 Metaspace       used 117215K, committed 118016K, reserved 1155072K
  class space    used 15670K, committed 16064K, reserved 1048576K
}
Event: 137.475 GC heap after
{Heap after GC invocations=50 (full 0):
 garbage-first heap   total 228352K, used 122212K [0x0000000080000000, 0x0000000100000000)
  region size 1024K, 7 young (7168K), 7 survivors (7168K)
 Metaspace       used 117215K, committed 118016K, reserved 1155072K
  class space    used 15670K, committed 16064K, reserved 1048576K
}
Event: 147.250 GC heap before
{Heap before GC invocations=50 (full 0):
 garbage-first heap   total 228352K, used 187748K [0x0000000080000000, 0x0000000100000000)
  region size 1024K, 72 young (73728K), 7 survivors (7168K)
 Metaspace       used 117678K, committed 118592K, reserved 1155072K
  class space    used 15687K, committed 16128K, reserved 1048576K
}
Event: 147.257 GC heap after
{Heap after GC invocations=51 (full 0):
 garbage-first heap   total 228352K, used 129746K [0x0000000080000000, 0x0000000100000000)
  region size 1024K, 9 young (9216K), 9 survivors (9216K)
 Metaspace       used 117678K, committed 118592K, reserved 1155072K
  class space    used 15687K, committed 16128K, reserved 1048576K
}
Event: 168.084 GC heap before
{Heap before GC invocations=51 (full 0):
 garbage-first heap   total 228352K, used 188114K [0x0000000080000000, 0x0000000100000000)
  region size 1024K, 67 young (68608K), 9 survivors (9216K)
 Metaspace       used 117984K, committed 118848K, reserved 1155072K
  class space    used 15705K, committed 16128K, reserved 1048576K
}
Event: 168.091 GC heap after
{Heap after GC invocations=52 (full 0):
 garbage-first heap   total 228352K, used 134911K [0x0000000080000000, 0x0000000100000000)
  region size 1024K, 6 young (6144K), 6 survivors (6144K)
 Metaspace       used 117984K, committed 118848K, reserved 1155072K
  class space    used 15705K, committed 16128K, reserved 1048576K
}
Event: 168.627 GC heap before
{Heap before GC invocations=52 (full 0):
 garbage-first heap   total 228352K, used 188159K [0x0000000080000000, 0x0000000100000000)
  region size 1024K, 59 young (60416K), 6 survivors (6144K)
 Metaspace       used 118261K, committed 119168K, reserved 1155072K
  class space    used 15717K, committed 16128K, reserved 1048576K
}
Event: 168.634 GC heap after
{Heap after GC invocations=53 (full 0):
 garbage-first heap   total 228352K, used 141300K [0x0000000080000000, 0x0000000100000000)
  region size 1024K, 7 young (7168K), 7 survivors (7168K)
 Metaspace       used 118261K, committed 119168K, reserved 1155072K
  class space    used 15717K, committed 16128K, reserved 1048576K
}

